# JRE version: OpenJDK Runtime Environment Temurin-21.0.10+7 (21.0.10+7) (build 21.0.10+7-LTS)
# Java VM: OpenJDK 64-Bit Server VM Temurin-21.0.10+7 (21.0.10+7-LTS, mixed mode, sharing, tiered, compressed oops, compressed class ptrs, parallel gc, windows-amd64)
GC Precious Log:
 CardTable entry size: 512
 CPUs: 16 total, 16 available
 Memory: 15613M
 Large Page Support: Disabled
 NUMA Support: Disabled
 Compressed Oops: Enabled (32-bit)
 Alignments: Space 512K, Generation 512K, Heap 2M
 Heap Min Capacity: 100M
 Heap Initial Capacity: 100M
 Heap Max Capacity: 2G
 Pre-touch: Disabled
 Parallel Workers: 13
Heap:
 PSYoungGen      total 5632K, used 2394K [0x00000000d5580000, 0x00000000d5c80000, 0x0000000100000000)
  eden space 4608K, 39% used [0x00000000d5580000,0x00000000d5746a78,0x00000000d5a00000)
  from space 1024K, 56% used [0x00000000d5b80000,0x00000000d5c10000,0x00000000d5c80000)
  to   space 1024K, 0% used [0x00000000d5a80000,0x00000000d5a80000,0x00000000d5b80000)
 ParOldGen       total 145408K, used 145244K [0x0000000080000000, 0x0000000088e00000, 0x00000000d5580000)
  object space 145408K, 99% used [0x0000000080000000,0x0000000088dd72f0,0x0000000088e00000)
 Metaspace       used 76361K, committed 77952K, reserved 1179648K
  class space    used 7853K, committed 8640K, reserved 1048576K
GC Heap History (20 events):
Event: 35.359 GC heap before
{Heap before GC invocations=238 (full 3):
 PSYoungGen      total 6144K, used 5760K [0x00000000d5580000, 0x00000000d5d80000, 0x0000000100000000)
  eden space 4608K, 100% used [0x00000000d5580000,0x00000000d5a00000,0x00000000d5a00000)
  from space 1536K, 75% used [0x00000000d5c00000,0x00000000d5d20028,0x00000000d5d80000)
  to   space 1536K, 0% used [0x00000000d5a80000,0x00000000d5a80000,0x00000000d5c00000)
 ParOldGen       total 133632K, used 133370K [0x0000000080000000, 0x0000000088280000, 0x00000000d5580000)
  object space 133632K, 99% used [0x0000000080000000,0x000000008823e980,0x0000000088280000)
 Metaspace       used 75849K, committed 77376K, reserved 1179648K
  class space    used 7813K, committed 8512K, reserved 1048576K
}
Event: 35.360 GC heap after
{Heap after GC invocations=238 (full 3):
 PSYoungGen      total 6144K, used 1520K [0x00000000d5580000, 0x00000000d6000000, 0x0000000100000000)
  eden space 4608K, 0% used [0x00000000d5580000,0x00000000d5580000,0x00000000d5a00000)
  from space 1536K, 99% used [0x00000000d5a80000,0x00000000d5bfc320,0x00000000d5c00000)
  to   space 3072K, 0% used [0x00000000d5d00000,0x00000000d5d00000,0x00000000d6000000)
 ParOldGen       total 134656K, used 134442K [0x0000000080000000, 0x0000000088380000, 0x00000000d5580000)
  object space 134656K, 99% used [0x0000000080000000,0x000000008834aa20,0x0000000088380000)
 Metaspace       used 75849K, committed 77376K, reserved 1179648K
  class space    used 7813K, committed 8512K, reserved 1048576K
}
Event: 35.379 GC heap before
{Heap before GC invocations=239 (full 3):
 PSYoungGen      total 6144K, used 6128K [0x00000000d5580000, 0x00000000d6000000, 0x0000000100000000)
  eden space 4608K, 100% used [0x00000000d5580000,0x00000000d5a00000,0x00000000d5a00000)
  from space 1536K, 99% used [0x00000000d5a80000,0x00000000d5bfc320,0x00000000d5c00000)
  to   space 3072K, 0% used [0x00000000d5d00000,0x00000000d5d00000,0x00000000d6000000)
 ParOldGen       total 134656K, used 134442K [0x0000000080000000, 0x0000000088380000, 0x00000000d5580000)
  object space 134656K, 99% used [0x0000000080000000,0x000000008834aa20,0x0000000088380000)
 Metaspace       used 75859K, committed 77376K, reserved 1179648K
  class space    used 7813K, committed 8512K, reserved 1048576K
}
Event: 35.380 GC heap after
{Heap after GC invocations=239 (full 3):
 PSYoungGen      total 6144K, used 1040K [0x00000000d5580000, 0x00000000d5e80000, 0x0000000100000000)
  eden space 4608K, 0% used [0x00000000d5580000,0x00000000d5580000,0x00000000d5a00000)
  from space 1536K, 67% used [0x00000000d5d00000,0x00000000d5e04010,0x00000000d5e80000)
  to   space 2048K, 0% used [0x00000000d5a80000,0x00000000d5a80000,0x00000000d5c80000)
 ParOldGen       total 136192K, used 135874K [0x0000000080000000, 0x0000000088500000, 0x00000000d5580000)
  object space 136192K, 99% used [0x0000000080000000,0x00000000884b0ac8,0x0000000088500000)
 Metaspace       used 75859K, committed 77376K, reserved 1179648K
  class space    used 7813K, committed 8512K, reserved 1048576K
}
Event: 35.398 GC heap before
{Heap before GC invocations=240 (full 3):
 PSYoungGen      total 6144K, used 5648K [0x00000000d5580000, 0x00000000d5e80000, 0x0000000100000000)
  eden space 4608K, 100% used [0x00000000d5580000,0x00000000d5a00000,0x00000000d5a00000)
  from space 1536K, 67% used [0x00000000d5d00000,0x00000000d5e04010,0x00000000d5e80000)
  to   space 2048K, 0% used [0x00000000d5a80000,0x00000000d5a80000,0x00000000d5c80000)
 ParOldGen       total 136192K, used 135874K [0x0000000080000000, 0x0000000088500000, 0x00000000d5580000)
  object space 136192K, 99% used [0x0000000080000000,0x00000000884b0ac8,0x0000000088500000)
 Metaspace       used 75879K, committed 77440K, reserved 1179648K
  class space    used 7813K, committed 8512K, reserved 1048576K
}
Event: 35.399 GC heap after
{Heap after GC invocations=240 (full 3):
 PSYoungGen      total 5632K, used 942K [0x00000000d5580000, 0x00000000d5d80000, 0x0000000100000000)
  eden space 4608K, 0% used [0x00000000d5580000,0x00000000d5580000,0x00000000d5a00000)
  from space 1024K, 92% used [0x00000000d5a80000,0x00000000d5b6b9c8,0x00000000d5b80000)
  to   space 1536K, 0% used [0x00000000d5c00000,0x00000000d5c00000,0x00000000d5d80000)
 ParOldGen       total 137216K, used 136706K [0x0000000080000000, 0x0000000088600000, 0x00000000d5580000)
  object space 137216K, 99% used [0x0000000080000000,0x0000000088580ad8,0x0000000088600000)
 Metaspace       used 75879K, committed 77440K, reserved 1179648K
  class space    used 7813K, committed 8512K, reserved 1048576K
}
Event: 35.425 GC heap before
{Heap before GC invocations=241 (full 3):
 PSYoungGen      total 5632K, used 5550K [0x00000000d5580000, 0x00000000d5d80000, 0x0000000100000000)
  eden space 4608K, 100% used [0x00000000d5580000,0x00000000d5a00000,0x00000000d5a00000)
  from space 1024K, 92% used [0x00000000d5a80000,0x00000000d5b6b9c8,0x00000000d5b80000)
  to   space 1536K, 0% used [0x00000000d5c00000,0x00000000d5c00000,0x00000000d5d80000)
 ParOldGen       total 137216K, used 136706K [0x0000000080000000, 0x0000000088600000, 0x00000000d5580000)
  object space 137216K, 99% used [0x0000000080000000,0x0000000088580ad8,0x0000000088600000)
 Metaspace       used 75915K, committed 77440K, reserved 1179648K
  class space    used 7814K, committed 8512K, reserved 1048576K
}
Event: 35.427 GC heap after
{Heap after GC invocations=241 (full 3):
 PSYoungGen      total 6144K, used 1472K [0x00000000d5580000, 0x00000000d5e00000, 0x0000000100000000)
  eden space 4608K, 0% used [0x00000000d5580000,0x00000000d5580000,0x00000000d5a00000)
  from space 1536K, 95% used [0x00000000d5c00000,0x00000000d5d70000,0x00000000d5d80000)
  to   space 2048K, 0% used [0x00000000d5a00000,0x00000000d5a00000,0x00000000d5c00000)
 ParOldGen       total 137728K, used 137446K [0x0000000080000000, 0x0000000088680000, 0x00000000d5580000)
  object space 137728K, 99% used [0x0000000080000000,0x0000000088639be0,0x0000000088680000)
 Metaspace       used 75915K, committed 77440K, reserved 1179648K
  class space    used 7814K, committed 8512K, reserved 1048576K
}
Event: 35.448 GC heap before
{Heap before GC invocations=242 (full 3):
 PSYoungGen      total 6144K, used 6080K [0x00000000d5580000, 0x00000000d5e00000, 0x0000000100000000)
  eden space 4608K, 100% used [0x00000000d5580000,0x00000000d5a00000,0x00000000d5a00000)
  from space 1536K, 95% used [0x00000000d5c00000,0x00000000d5d70000,0x00000000d5d80000)
  to   space 2048K, 0% used [0x00000000d5a00000,0x00000000d5a00000,0x00000000d5c00000)
 ParOldGen       total 137728K, used 137446K [0x0000000080000000, 0x0000000088680000, 0x00000000d5580000)
  object space 137728K, 99% used [0x0000000080000000,0x0000000088639be0,0x0000000088680000)
 Metaspace       used 75930K, committed 77504K, reserved 1179648K
  class space    used 7815K, committed 8512K, reserved 1048576K
}
Event: 35.449 GC heap after
{Heap after GC invocations=242 (full 3):
 PSYoungGen      total 6144K, used 1162K [0x00000000d5580000, 0x00000000d5d00000, 0x0000000100000000)
  eden space 4608K, 0% used [0x00000000d5580000,0x00000000d5580000,0x00000000d5a00000)
  from space 1536K, 75% used [0x00000000d5a00000,0x00000000d5b22910,0x00000000d5b80000)
  to   space 1536K, 0% used [0x00000000d5b80000,0x00000000d5b80000,0x00000000d5d00000)
 ParOldGen       total 138752K, used 138683K [0x0000000080000000, 0x0000000088780000, 0x00000000d5580000)
  object space 138752K, 99% used [0x0000000080000000,0x000000008876ec40,0x0000000088780000)
 Metaspace       used 75930K, committed 77504K, reserved 1179648K
  class space    used 7815K, committed 8512K, reserved 1048576K
}
Event: 35.463 GC heap before
{Heap before GC invocations=243 (full 3):
 PSYoungGen      total 6144K, used 5530K [0x00000000d5580000, 0x00000000d5d00000, 0x0000000100000000)
  eden space 4608K, 94% used [0x00000000d5580000,0x00000000d59c41b8,0x00000000d5a00000)
  from space 1536K, 75% used [0x00000000d5a00000,0x00000000d5b22910,0x00000000d5b80000)
  to   space 1536K, 0% used [0x00000000d5b80000,0x00000000d5b80000,0x00000000d5d00000)
 ParOldGen       total 138752K, used 138683K [0x0000000080000000, 0x0000000088780000, 0x00000000d5580000)
  object space 138752K, 99% used [0x0000000080000000,0x000000008876ec40,0x0000000088780000)
 Metaspace       used 75936K, committed 77568K, reserved 1179648K
  class space    used 7817K, committed 8576K, reserved 1048576K
}
Event: 35.464 GC heap after
{Heap after GC invocations=243 (full 3):
 PSYoungGen      total 6144K, used 1117K [0x00000000d5580000, 0x00000000d5d00000, 0x0000000100000000)
  eden space 4608K, 0% used [0x00000000d5580000,0x00000000d5580000,0x00000000d5a00000)
  from space 1536K, 72% used [0x00000000d5b80000,0x00000000d5c976b0,0x00000000d5d00000)
  to   space 1536K, 0% used [0x00000000d5a00000,0x00000000d5a00000,0x00000000d5b80000)
 ParOldGen       total 139776K, used 139615K [0x0000000080000000, 0x0000000088880000, 0x00000000d5580000)
  object space 139776K, 99% used [0x0000000080000000,0x0000000088857da8,0x0000000088880000)
 Metaspace       used 75936K, committed 77568K, reserved 1179648K
  class space    used 7817K, committed 8576K, reserved 1048576K
}
Event: 35.476 GC heap before
{Heap before GC invocations=244 (full 3):
 PSYoungGen      total 6144K, used 5725K [0x00000000d5580000, 0x00000000d5d00000, 0x0000000100000000)
  eden space 4608K, 100% used [0x00000000d5580000,0x00000000d5a00000,0x00000000d5a00000)
  from space 1536K, 72% used [0x00000000d5b80000,0x00000000d5c976b0,0x00000000d5d00000)
  to   space 1536K, 0% used [0x00000000d5a00000,0x00000000d5a00000,0x00000000d5b80000)
 ParOldGen       total 139776K, used 139615K [0x0000000080000000, 0x0000000088880000, 0x00000000d5580000)
  object space 139776K, 99% used [0x0000000080000000,0x0000000088857da8,0x0000000088880000)
 Metaspace       used 75940K, committed 77568K, reserved 1179648K
  class space    used 7817K, committed 8576K, reserved 1048576K
}
Event: 35.477 GC heap after
{Heap after GC invocations=244 (full 3):
 PSYoungGen      total 6144K, used 1269K [0x00000000d5580000, 0x00000000d5d00000, 0x0000000100000000)
  eden space 4608K, 0% used [0x00000000d5580000,0x00000000d5580000,0x00000000d5a00000)
  from space 1536K, 82% used [0x00000000d5a00000,0x00000000d5b3d7f0,0x00000000d5b80000)
  to   space 1536K, 0% used [0x00000000d5b80000,0x00000000d5b80000,0x00000000d5d00000)
 ParOldGen       total 142848K, used 142383K [0x0000000080000000, 0x0000000088b80000, 0x00000000d5580000)
  object space 142848K, 99% used [0x0000000080000000,0x0000000088b0bc40,0x0000000088b80000)
 Metaspace       used 75940K, committed 77568K, reserved 1179648K
  class space    used 7817K, committed 8576K, reserved 1048576K
}
Event: 35.496 GC heap before
{Heap before GC invocations=245 (full 3):
 PSYoungGen      total 6144K, used 5877K [0x00000000d5580000, 0x00000000d5d00000, 0x0000000100000000)
  eden space 4608K, 100% used [0x00000000d5580000,0x00000000d5a00000,0x00000000d5a00000)
  from space 1536K, 82% used [0x00000000d5a00000,0x00000000d5b3d7f0,0x00000000d5b80000)
  to   space 1536K, 0% used [0x00000000d5b80000,0x00000000d5b80000,0x00000000d5d00000)
 ParOldGen       total 142848K, used 142383K [0x0000000080000000, 0x0000000088b80000, 0x00000000d5580000)
  object space 142848K, 99% used [0x0000000080000000,0x0000000088b0bc40,0x0000000088b80000)
 Metaspace       used 75949K, committed 77568K, reserved 1179648K
  class space    used 7817K, committed 8576K, reserved 1048576K
}
Event: 35.496 GC heap after
{Heap after GC invocations=245 (full 3):
 PSYoungGen      total 6144K, used 1174K [0x00000000d5580000, 0x00000000d5d00000, 0x0000000100000000)
  eden space 4608K, 0% used [0x00000000d5580000,0x00000000d5580000,0x00000000d5a00000)
  from space 1536K, 76% used [0x00000000d5b80000,0x00000000d5ca5860,0x00000000d5d00000)
  to   space 1536K, 0% used [0x00000000d5a00000,0x00000000d5a00000,0x00000000d5b80000)
 ParOldGen       total 143360K, used 143312K [0x0000000080000000, 0x0000000088c00000, 0x00000000d5580000)
  object space 143360K, 99% used [0x0000000080000000,0x0000000088bf4200,0x0000000088c00000)
 Metaspace       used 75949K, committed 77568K, reserved 1179648K
  class space    used 7817K, committed 8576K, reserved 1048576K
}
Event: 35.521 GC heap before
{Heap before GC invocations=246 (full 3):
 PSYoungGen      total 6144K, used 5782K [0x00000000d5580000, 0x00000000d5d00000, 0x0000000100000000)
  eden space 4608K, 100% used [0x00000000d5580000,0x00000000d5a00000,0x00000000d5a00000)
  from space 1536K, 76% used [0x00000000d5b80000,0x00000000d5ca5860,0x00000000d5d00000)
  to   space 1536K, 0% used [0x00000000d5a00000,0x00000000d5a00000,0x00000000d5b80000)
 ParOldGen       total 143360K, used 143312K [0x0000000080000000, 0x0000000088c00000, 0x00000000d5580000)
  object space 143360K, 99% used [0x0000000080000000,0x0000000088bf4200,0x0000000088c00000)
 Metaspace       used 75970K, committed 77568K, reserved 1179648K
  class space    used 7817K, committed 8576K, reserved 1048576K
}
Event: 35.522 GC heap after
{Heap after GC invocations=246 (full 3):
 PSYoungGen      total 6144K, used 1248K [0x00000000d5580000, 0x00000000d5d00000, 0x0000000100000000)
  eden space 4608K, 0% used [0x00000000d5580000,0x00000000d5580000,0x00000000d5a00000)
  from space 1536K, 81% used [0x00000000d5a00000,0x00000000d5b38000,0x00000000d5b80000)
  to   space 1536K, 0% used [0x00000000d5b80000,0x00000000d5b80000,0x00000000d5d00000)
 ParOldGen       total 144384K, used 144240K [0x0000000080000000, 0x0000000088d00000, 0x00000000d5580000)
  object space 144384K, 99% used [0x0000000080000000,0x0000000088cdc2a0,0x0000000088d00000)
 Metaspace       used 75970K, committed 77568K, reserved 1179648K
  class space    used 7817K, committed 8576K, reserved 1048576K
}
Event: 319.654 GC heap before
{Heap before GC invocations=247 (full 3):
 PSYoungGen      total 6144K, used 5855K [0x00000000d5580000, 0x00000000d5d00000, 0x0000000100000000)
  eden space 4608K, 99% used [0x00000000d5580000,0x00000000d59fffc8,0x00000000d5a00000)
  from space 1536K, 81% used [0x00000000d5a00000,0x00000000d5b38000,0x00000000d5b80000)
  to   space 1536K, 0% used [0x00000000d5b80000,0x00000000d5b80000,0x00000000d5d00000)
 ParOldGen       total 144384K, used 144240K [0x0000000080000000, 0x0000000088d00000, 0x00000000d5580000)
  object space 144384K, 99% used [0x0000000080000000,0x0000000088cdc2a0,0x0000000088d00000)
 Metaspace       used 76332K, committed 77952K, reserved 1179648K
  class space    used 7853K, committed 8640K, reserved 1048576K
}
Event: 319.655 GC heap after
{Heap after GC invocations=247 (full 3):
 PSYoungGen      total 5632K, used 576K [0x00000000d5580000, 0x00000000d5c80000, 0x0000000100000000)
  eden space 4608K, 0% used [0x00000000d5580000,0x00000000d5580000,0x00000000d5a00000)
  from space 1024K, 56% used [0x00000000d5b80000,0x00000000d5c10000,0x00000000d5c80000)
  to   space 1024K, 0% used [0x00000000d5a80000,0x00000000d5a80000,0x00000000d5b80000)
 ParOldGen       total 145408K, used 145244K [0x0000000080000000, 0x0000000088e00000, 0x00000000d5580000)
  object space 145408K, 99% used [0x0000000080000000,0x0000000088dd72f0,0x0000000088e00000)
 Metaspace       used 76332K, committed 77952K, reserved 1179648K
  class space    used 7853K, committed 8640K, reserved 1048576K
}

